Vivado Simulator 2018.3
Copyright 1986-1999, 2001-2018 Xilinx, Inc. All Rights Reserved.
Running: C:/Xilinx/Vivado/2018.3/bin/unwrapped/win64.o/xelab.exe -wto c81fd83be12b44f2ab77384f4fe6cf20 --incr --debug typical --relax --mt 2 -L xil_defaultlib -L unisims_ver -L unimacro_ver -L secureip --snapshot testbench_behav xil_defaultlib.testbench xil_defaultlib.glbl -log elaborate.log 
Using 2 slave threads.
Starting static elaboration
Completed static elaboration
Starting simulation data flow analysis
Completed simulation data flow analysis
Time Resolution for simulation is 1ps
Compiling module xil_defaultlib.pc
Compiling module xil_defaultlib.npc
Compiling module xil_defaultlib.instMem
Compiling module xil_defaultlib.dataMem
Compiling module xil_defaultlib.regfile
Compiling module xil_defaultlib.ctrl
Compiling module xil_defaultlib.alu
Compiling module xil_defaultlib.mux
Compiling module xil_defaultlib.extend
Compiling module xil_defaultlib.my_mips
Compiling module xil_defaultlib.testbench
Compiling module xil_defaultlib.glbl
Built simulation snapshot testbench_behav
